#
# There is insufficient memory for the Java Runtime Environment to continue.
# Native memory allocation (malloc) failed to allocate 42736 bytes for Chunk::new
# Possible reasons:
#   The system is out of physical RAM or swap space
#   The process is running with CompressedOops enabled, and the Java Heap may be blocking the growth of the native heap
# Possible solutions:
#   Reduce memory load on the system
#   Increase physical memory or swap space
#   Check if swap backing store is full
#   Decrease Java heap size (-Xmx/-Xms)
#   Decrease number of Java threads
#   Decrease Java thread stack sizes (-Xss)
#   Set larger code cache with -XX:ReservedCodeCacheSize=
#   JVM is running with Unscaled Compressed Oops mode in which the Java heap is
#     placed in the first 4GB address space. The Java Heap base address is the
#     maximum limit for the native heap growth. Please use -XX:HeapBaseMinAddress
#     to set the Java Heap base and to place the Java Heap above 4GB virtual address.
# This output file may be truncated or incomplete.
#
#  Out of Memory Error (allocation.cpp:389), pid=18476, tid=0x0000000000003bf0
#
# JRE version: Java(TM) SE Runtime Environment (8.0_311-b11) (build 1.8.0_311-b11)
# Java VM: Java HotSpot(TM) 64-Bit Server VM (25.311-b11 mixed mode windows-amd64 compressed oops)
# Failed to write core dump. Minidumps are not enabled by default on client versions of Windows
#

---------------  T H R E A D  ---------------

Current thread (0x000000f455253800):  JavaThread "C2 CompilerThread0" daemon [_thread_in_native, id=15344, stack(0x000000f4562f0000,0x000000f4563f0000)]

Stack: [0x000000f4562f0000,0x000000f4563f0000]
Native frames: (J=compiled Java code, j=interpreted, Vv=VM code, C=native code)
V  [jvm.dll+0x32f239]
V  [jvm.dll+0x275882]
V  [jvm.dll+0x27652d]
V  [jvm.dll+0x26cf65]
V  [jvm.dll+0xd558c]
V  [jvm.dll+0xd5d8c]
V  [jvm.dll+0x470b13]
V  [jvm.dll+0x438210]
V  [jvm.dll+0x441215]
V  [jvm.dll+0x4405d5]
V  [jvm.dll+0x42b38b]
V  [jvm.dll+0xac22b]
V  [jvm.dll+0xaa88b]
V  [jvm.dll+0x23df22]
V  [jvm.dll+0x29253c]
C  [ucrtbase.dll+0x682dd]
C  [KERNEL32.DLL+0x12d92]
C  [ntdll.dll+0x9f64]


Current CompileTask:
C2:   6490 1425   !   4       java.io.PrintStream::write (66 bytes)


---------------  P R O C E S S  ---------------

Java Threads: ( => current thread )
  0x000000f457240000 JavaThread "Okio Watchdog" daemon [_thread_blocked, id=16848, stack(0x000000f459110000,0x000000f459210000)]
  0x000000f457320000 JavaThread "OkHttp ConnectionPool" daemon [_thread_blocked, id=7172, stack(0x000000f459010000,0x000000f459110000)]
  0x000000f4571f2800 JavaThread "ForkJoinPool.commonPool-worker-1" daemon [_thread_blocked, id=17184, stack(0x000000f458f10000,0x000000f459010000)]
  0x000000f457979000 JavaThread "Exec Stream Pumper" daemon [_thread_in_native, id=7884, stack(0x000000f458c10000,0x000000f458d10000)]
  0x000000f45738a000 JavaThread "Exec Stream Pumper" daemon [_thread_in_native, id=20528, stack(0x000000f458b10000,0x000000f458c10000)]
  0x000000f45738b000 JavaThread "Exec Default Executor" daemon [_thread_in_native, id=18780, stack(0x000000f458900000,0x000000f458a00000)]
  0x000000f4552d8000 JavaThread "Service Thread" daemon [_thread_blocked, id=19236, stack(0x000000f4565f0000,0x000000f4566f0000)]
  0x000000f455258000 JavaThread "C1 CompilerThread2" daemon [_thread_blocked, id=1924, stack(0x000000f4564f0000,0x000000f4565f0000)]
  0x000000f455255800 JavaThread "C2 CompilerThread1" daemon [_thread_blocked, id=22172, stack(0x000000f4563f0000,0x000000f4564f0000)]
=>0x000000f455253800 JavaThread "C2 CompilerThread0" daemon [_thread_in_native, id=15344, stack(0x000000f4562f0000,0x000000f4563f0000)]
  0x000000f45524f000 JavaThread "Attach Listener" daemon [_thread_blocked, id=22048, stack(0x000000f4561f0000,0x000000f4562f0000)]
  0x000000f45524e000 JavaThread "Signal Dispatcher" daemon [_thread_blocked, id=18852, stack(0x000000f4560f0000,0x000000f4561f0000)]
  0x000000f455236800 JavaThread "Finalizer" daemon [_thread_blocked, id=17068, stack(0x000000f455f00000,0x000000f456000000)]
  0x000000f454b02800 JavaThread "Reference Handler" daemon [_thread_blocked, id=20300, stack(0x000000f455e00000,0x000000f455f00000)]
  0x000000f43e318000 JavaThread "Forwarding newSession on session null to remote" [_thread_in_native, id=14048, stack(0x000000f43fee0000,0x000000f43ffe0000)]

Other Threads:
  0x000000f455212000 VMThread [stack: 0x000000f455d00000,0x000000f455e00000] [id=7236]
  0x000000f4552f0800 WatcherThread [stack: 0x000000f4566f0000,0x000000f4567f0000] [id=13632]

VM state:not at safepoint (normal execution)

VM Mutex/Monitor currently owned by a thread: None

heap address: 0x0000000081200000, size: 2030 MB, Compressed Oops mode: 32-bit
Narrow klass base: 0x0000000000000000, Narrow klass shift: 3
Compressed class space size: 1073741824 Address: 0x0000000100000000

Heap:
 PSYoungGen      total 38400K, used 15479K [0x00000000d5b80000, 0x00000000d8600000, 0x0000000100000000)
  eden space 33280K, 31% used [0x00000000d5b80000,0x00000000d65a49c8,0x00000000d7c00000)
  from space 5120K, 99% used [0x00000000d7c00000,0x00000000d80f94f8,0x00000000d8100000)
  to   space 5120K, 0% used [0x00000000d8100000,0x00000000d8100000,0x00000000d8600000)
 ParOldGen       total 87552K, used 1227K [0x0000000081200000, 0x0000000086780000, 0x00000000d5b80000)
  object space 87552K, 1% used [0x0000000081200000,0x0000000081332f30,0x0000000086780000)
 Metaspace       used 12816K, capacity 13518K, committed 13696K, reserved 1060864K
  class space    used 1614K, capacity 1817K, committed 1920K, reserved 1048576K

Card table byte_map: [0x000000f44f3c0000,0x000000f44f7c0000] byte_map_base: 0x000000f44efb7000

Marking Bits: (ParMarkBitMap*) 0x0000000050a38030
 Begin Bits: [0x000000f44fe70000, 0x000000f451e28000)
 End Bits:   [0x000000f451e28000, 0x000000f453de0000)

Polling page: 0x000000f43e7a0000

CodeCache: size=245760Kb used=4948Kb max_used=4960Kb free=240811Kb
 bounds [0x000000f440000000, 0x000000f4404e0000, 0x000000f44f000000]
 total_blobs=1799 nmethods=1426 adapters=285
 compilation: enabled

Compilation events (10 events):
Event: 2.247 Thread 0x000000f455258000 nmethod 1422 0x000000f4404d4910 code [0x000000f4404d4a80, 0x000000f4404d4cd0]
Event: 2.247 Thread 0x000000f455258000 1423  s    3       java.io.BufferedOutputStream::write (35 bytes)
Event: 2.247 Thread 0x000000f455258000 nmethod 1423 0x000000f4404d4d90 code [0x000000f4404d4f20, 0x000000f4404d53f0]
Event: 6.139 Thread 0x000000f455255800 1424  s    4       org.openqa.selenium.io.CircularOutputStream::write (87 bytes)
Event: 6.140 Thread 0x000000f455253800 1425   !   4       java.io.PrintStream::write (66 bytes)
Event: 6.143 Thread 0x000000f455255800 nmethod 1424 0x000000f4404d8490 code [0x000000f4404d85e0, 0x000000f4404d8898]
Event: 6.144 Thread 0x000000f455255800 1426       4       org.openqa.selenium.io.MultiOutputStream::write (24 bytes)
Event: 6.157 Thread 0x000000f455255800 nmethod 1426 0x000000f4404d5d50 code [0x000000f4404d5f00, 0x000000f4404d6948]
Event: 6.157 Thread 0x000000f455255800 1427  s    4       java.io.BufferedOutputStream::write (35 bytes)
Event: 6.160 Thread 0x000000f455255800 nmethod 1427 0x000000f4404d89d0 code [0x000000f4404d8b20, 0x000000f4404d8e88]

GC Heap History (2 events):
Event: 1.782 GC heap before
{Heap before GC invocations=1 (full 0):
 PSYoungGen      total 38400K, used 33280K [0x00000000d5b80000, 0x00000000d8600000, 0x0000000100000000)
  eden space 33280K, 100% used [0x00000000d5b80000,0x00000000d7c00000,0x00000000d7c00000)
  from space 5120K, 0% used [0x00000000d8100000,0x00000000d8100000,0x00000000d8600000)
  to   space 5120K, 0% used [0x00000000d7c00000,0x00000000d7c00000,0x00000000d8100000)
 ParOldGen       total 87552K, used 0K [0x0000000081200000, 0x0000000086780000, 0x00000000d5b80000)
  object space 87552K, 0% used [0x0000000081200000,0x0000000081200000,0x0000000086780000)
 Metaspace       used 10571K, capacity 10892K, committed 11008K, reserved 1058816K
  class space    used 1282K, capacity 1420K, committed 1536K, reserved 1048576K
Event: 1.793 GC heap after
Heap after GC invocations=1 (full 0):
 PSYoungGen      total 38400K, used 5093K [0x00000000d5b80000, 0x00000000d8600000, 0x0000000100000000)
  eden space 33280K, 0% used [0x00000000d5b80000,0x00000000d5b80000,0x00000000d7c00000)
  from space 5120K, 99% used [0x00000000d7c00000,0x00000000d80f94f8,0x00000000d8100000)
  to   space 5120K, 0% used [0x00000000d8100000,0x00000000d8100000,0x00000000d8600000)
 ParOldGen       total 87552K, used 1227K [0x0000000081200000, 0x0000000086780000, 0x00000000d5b80000)
  object space 87552K, 1% used [0x0000000081200000,0x0000000081332f30,0x0000000086780000)
 Metaspace       used 10571K, capacity 10892K, committed 11008K, reserved 1058816K
  class space    used 1282K, capacity 1420K, committed 1536K, reserved 1048576K
}

Deoptimization events (10 events):
Event: 1.910 Thread 0x000000f43e318000 Uncommon trap: reason=class_check action=maybe_recompile pc=0x000000f4403a293c method=java.util.HashSet.iterator()Ljava/util/Iterator; @ 4
Event: 1.926 Thread 0x000000f43e318000 Uncommon trap: reason=class_check action=maybe_recompile pc=0x000000f4403adf44 method=java.util.regex.Matcher.search(I)Z @ 86
Event: 1.926 Thread 0x000000f43e318000 Uncommon trap: reason=class_check action=maybe_recompile pc=0x000000f44031faa4 method=java.util.regex.Pattern$Curly.match(Ljava/util/regex/Matcher;ILjava/lang/CharSequence;)Z @ 19
Event: 1.926 Thread 0x000000f43e318000 Uncommon trap: reason=class_check action=maybe_recompile pc=0x000000f4403adf44 method=java.util.regex.Matcher.search(I)Z @ 86
Event: 1.926 Thread 0x000000f43e318000 Uncommon trap: reason=class_check action=maybe_recompile pc=0x000000f4403adf44 method=java.util.regex.Matcher.search(I)Z @ 86
Event: 1.926 Thread 0x000000f43e318000 Uncommon trap: reason=class_check action=maybe_recompile pc=0x000000f4403adf44 method=java.util.regex.Matcher.search(I)Z @ 86
Event: 1.926 Thread 0x000000f43e318000 Uncommon trap: reason=class_check action=maybe_recompile pc=0x000000f44031faa4 method=java.util.regex.Pattern$Curly.match(Ljava/util/regex/Matcher;ILjava/lang/CharSequence;)Z @ 19
Event: 1.941 Thread 0x000000f43e318000 Uncommon trap: reason=class_check action=maybe_recompile pc=0x000000f44031faa4 method=java.util.regex.Pattern$Curly.match(Ljava/util/regex/Matcher;ILjava/lang/CharSequence;)Z @ 19
Event: 1.941 Thread 0x000000f43e318000 Uncommon trap: reason=class_check action=maybe_recompile pc=0x000000f44031faa4 method=java.util.regex.Pattern$Curly.match(Ljava/util/regex/Matcher;ILjava/lang/CharSequence;)Z @ 19
Event: 1.996 Thread 0x000000f43e318000 Uncommon trap: reason=unstable_if action=reinterpret pc=0x000000f4404154a8 method=java.util.regex.Pattern$BmpCharProperty.match(Ljava/util/regex/Matcher;ILjava/lang/CharSequence;)Z @ 34

Classes redefined (0 events):
No events

Internal exceptions (10 events):
Event: 0.291 Thread 0x000000f43e318000 Exception <a 'java/lang/NoSuchFieldError': method resolution failed> (0x00000000d5f40cf8) thrown at [C:\jenkins\workspace\8-2-build-windows-amd64-cygwin\jdk8u311\1894\hotspot\src\share\vm\prims\methodHandles.cpp, line 1169]
Event: 0.293 Thread 0x000000f43e318000 Exception <a 'java/lang/NoSuchFieldError': method resolution failed> (0x00000000d5f4e0f8) thrown at [C:\jenkins\workspace\8-2-build-windows-amd64-cygwin\jdk8u311\1894\hotspot\src\share\vm\prims\methodHandles.cpp, line 1169]
Event: 0.340 Thread 0x000000f43e318000 Exception <a 'java/lang/IncompatibleClassChangeError': Found class java.lang.Object, but interface was expected> (0x00000000d6022ac0) thrown at [C:\jenkins\workspace\8-2-build-windows-amd64-cygwin\jdk8u311\1894\hotspot\src\share\vm\interpreter\linkResolve
Event: 0.508 Thread 0x000000f43e318000 Exception <a 'java/security/PrivilegedActionException'> (0x00000000d62fe8e0) thrown at [C:\jenkins\workspace\8-2-build-windows-amd64-cygwin\jdk8u311\1894\hotspot\src\share\vm\prims\jvm.cpp, line 1523]
Event: 0.508 Thread 0x000000f43e318000 Exception <a 'java/security/PrivilegedActionException'> (0x00000000d62fecd8) thrown at [C:\jenkins\workspace\8-2-build-windows-amd64-cygwin\jdk8u311\1894\hotspot\src\share\vm\prims\jvm.cpp, line 1523]
Event: 0.510 Thread 0x000000f43e318000 Exception <a 'java/security/PrivilegedActionException'> (0x00000000d6302b30) thrown at [C:\jenkins\workspace\8-2-build-windows-amd64-cygwin\jdk8u311\1894\hotspot\src\share\vm\prims\jvm.cpp, line 1523]
Event: 0.510 Thread 0x000000f43e318000 Exception <a 'java/security/PrivilegedActionException'> (0x00000000d6302f28) thrown at [C:\jenkins\workspace\8-2-build-windows-amd64-cygwin\jdk8u311\1894\hotspot\src\share\vm\prims\jvm.cpp, line 1523]
Event: 1.701 Thread 0x000000f43e318000 Exception <a 'java/lang/IncompatibleClassChangeError': Found class java.lang.Object, but interface was expected> (0x00000000d7afedd8) thrown at [C:\jenkins\workspace\8-2-build-windows-amd64-cygwin\jdk8u311\1894\hotspot\src\share\vm\interpreter\linkResolve
Event: 1.708 Thread 0x000000f43e318000 Exception <a 'java/lang/NoSuchMethodError': java.lang.Object.lambda$or$2(Ljava/util/function/Predicate;Ljava/lang/Object;)Z> (0x00000000d7b0c7b0) thrown at [C:\jenkins\workspace\8-2-build-windows-amd64-cygwin\jdk8u311\1894\hotspot\src\share\vm\interpreter
Event: 1.832 Thread 0x000000f43e318000 Exception <a 'java/lang/NoSuchMethodError': java.lang.Object.lambda$chars$0()Ljava/util/Spliterator$OfInt;> (0x00000000d5ccd150) thrown at [C:\jenkins\workspace\8-2-build-windows-amd64-cygwin\jdk8u311\1894\hotspot\src\share\vm\interpreter\linkResolver.cpp

Events (10 events):
Event: 2.051 loading class okio/ForwardingSink done
Event: 2.052 loading class okhttp3/internal/http1/Http1Codec$FixedLengthSink
Event: 2.052 loading class okhttp3/internal/http1/Http1Codec$FixedLengthSink done
Event: 2.052 loading class okio/ForwardingTimeout
Event: 2.052 loading class okio/ForwardingTimeout done
Event: 2.053 loading class okio/AsyncTimeout$Watchdog
Event: 2.053 loading class okio/AsyncTimeout$Watchdog done
Event: 2.053 Thread 0x000000f457240000 Thread added: 0x000000f457240000
Event: 4.166 Executing VM operation: EnableBiasedLocking
Event: 4.166 Executing VM operation: EnableBiasedLocking done


Dynamic libraries:
0x00007ff79ce50000 - 0x00007ff79ce97000 	C:\Program Files\Java\jre1.8.0_311\bin\javaw.exe
0x00007ffc70b90000 - 0x00007ffc70d52000 	C:\Windows\SYSTEM32\ntdll.dll
0x00007ffc6eed0000 - 0x00007ffc6ef7d000 	C:\Windows\system32\KERNEL32.DLL
0x00007ffc6e030000 - 0x00007ffc6e20d000 	C:\Windows\system32\KERNELBASE.dll
0x00007ffc6f0e0000 - 0x00007ffc6f186000 	C:\Windows\system32\ADVAPI32.dll
0x00007ffc6eac0000 - 0x00007ffc6eb5d000 	C:\Windows\system32\msvcrt.dll
0x00007ffc6f190000 - 0x00007ffc6f1eb000 	C:\Windows\system32\sechost.dll
0x00007ffc6e730000 - 0x00007ffc6e856000 	C:\Windows\system32\RPCRT4.dll
0x00007ffc6ec20000 - 0x00007ffc6ed6e000 	C:\Windows\system32\USER32.dll
0x00007ffc6e260000 - 0x00007ffc6e3e5000 	C:\Windows\system32\GDI32.dll
0x00007ffc5b480000 - 0x00007ffc5b6f4000 	C:\Windows\WinSxS\amd64_microsoft.windows.common-controls_6595b64144ccf1df_6.0.10240.16384_none_f41f7b285750ef43\COMCTL32.dll
0x00007ffc70b50000 - 0x00007ffc70b86000 	C:\Windows\system32\IMM32.DLL
0x00007ffc6ef80000 - 0x00007ffc6f0dc000 	C:\Windows\system32\MSCTF.dll
0x00007ffc5d8a0000 - 0x00007ffc5d8b5000 	C:\Program Files\Java\jre1.8.0_311\bin\vcruntime140.dll
0x00007ffc66db0000 - 0x00007ffc66ea2000 	C:\Windows\SYSTEM32\ucrtbase.dll
0x00007ffc4f210000 - 0x00007ffc4f2ab000 	C:\Program Files\Java\jre1.8.0_311\bin\msvcp140.dll
0x0000000050250000 - 0x0000000050ab0000 	C:\Program Files\Java\jre1.8.0_311\bin\server\jvm.dll
0x00007ffc6ea90000 - 0x00007ffc6ea98000 	C:\Windows\system32\PSAPI.DLL
0x00007ffc64020000 - 0x00007ffc64043000 	C:\Windows\SYSTEM32\WINMM.dll
0x00007ffc643d0000 - 0x00007ffc643da000 	C:\Windows\SYSTEM32\VERSION.dll
0x00007ffc6afa0000 - 0x00007ffc6afa9000 	C:\Windows\SYSTEM32\WSOCK32.dll
0x00007ffc634e0000 - 0x00007ffc6350c000 	C:\Windows\SYSTEM32\WINMMBASE.dll
0x00007ffc6e870000 - 0x00007ffc6e8d9000 	C:\Windows\system32\WS2_32.dll
0x00007ffc6e210000 - 0x00007ffc6e254000 	C:\Windows\system32\cfgmgr32.dll
0x00007ffc6e860000 - 0x00007ffc6e868000 	C:\Windows\system32\NSI.dll
0x00007ffc6bf30000 - 0x00007ffc6bf57000 	C:\Windows\SYSTEM32\DEVOBJ.dll
0x00007ffc6d5c0000 - 0x00007ffc6d5cf000 	C:\Windows\system32\kernel.appcore.dll
0x00007ffc664b0000 - 0x00007ffc664c0000 	C:\Program Files\Java\jre1.8.0_311\bin\verify.dll
0x00007ffc56260000 - 0x00007ffc5628b000 	C:\Program Files\Java\jre1.8.0_311\bin\java.dll
0x00007ffc5d880000 - 0x00007ffc5d898000 	C:\Program Files\Java\jre1.8.0_311\bin\zip.dll
0x00007ffc6f1f0000 - 0x00007ffc70715000 	C:\Windows\system32\SHELL32.dll
0x00007ffc6d660000 - 0x00007ffc6dc88000 	C:\Windows\system32\windows.storage.dll
0x00007ffc6e3f0000 - 0x00007ffc6e66c000 	C:\Windows\system32\combase.dll
0x00007ffc6eb60000 - 0x00007ffc6ebb1000 	C:\Windows\system32\shlwapi.dll
0x00007ffc6df70000 - 0x00007ffc6e023000 	C:\Windows\system32\shcore.dll
0x00007ffc6d5f0000 - 0x00007ffc6d63a000 	C:\Windows\system32\powrprof.dll
0x00007ffc6d5d0000 - 0x00007ffc6d5e3000 	C:\Windows\system32\profapi.dll
0x00007ffc56bf0000 - 0x00007ffc56c0c000 	C:\Program Files\Java\jre1.8.0_311\bin\net.dll
0x00007ffc6ce30000 - 0x00007ffc6ce8d000 	C:\Windows\system32\mswsock.dll
0x00007ffc6cc30000 - 0x00007ffc6ccd8000 	C:\Windows\SYSTEM32\DNSAPI.dll
0x00007ffc648b0000 - 0x00007ffc648ba000 	C:\Windows\System32\rasadhlp.dll
0x00007ffc68f00000 - 0x00007ffc68f68000 	C:\Windows\System32\fwpuclnt.dll
0x00007ffc6d100000 - 0x00007ffc6d128000 	C:\Windows\SYSTEM32\bcrypt.dll
0x00007ffc545a0000 - 0x00007ffc545c4000 	C:\Program Files\Java\jre1.8.0_311\bin\sunec.dll
0x00007ffc628e0000 - 0x00007ffc628ed000 	C:\Program Files\Java\jre1.8.0_311\bin\sunmscapi.dll
0x00007ffc6dda0000 - 0x00007ffc6df61000 	C:\Windows\system32\CRYPT32.dll
0x00007ffc6d640000 - 0x00007ffc6d651000 	C:\Windows\system32\MSASN1.dll
0x00007ffc6d0d0000 - 0x00007ffc6d0f6000 	C:\Windows\SYSTEM32\ncrypt.dll
0x00007ffc6d090000 - 0x00007ffc6d0c6000 	C:\Windows\SYSTEM32\NTASN1.dll
0x00007ffc6a570000 - 0x00007ffc6a5a8000 	C:\Windows\SYSTEM32\IPHLPAPI.DLL
0x00007ffc6a7b0000 - 0x00007ffc6a7bb000 	C:\Windows\SYSTEM32\WINNSI.DLL
0x00007ffc69cd0000 - 0x00007ffc69ce6000 	C:\Windows\SYSTEM32\dhcpcsvc6.DLL
0x00007ffc6a310000 - 0x00007ffc6a32a000 	C:\Windows\SYSTEM32\dhcpcsvc.DLL
0x00007ffc56970000 - 0x00007ffc56983000 	C:\Program Files\Java\jre1.8.0_311\bin\nio.dll
0x00007ffc6ce90000 - 0x00007ffc6cea7000 	C:\Windows\SYSTEM32\CRYPTSP.dll
0x00007ffc6cae0000 - 0x00007ffc6cb13000 	C:\Windows\system32\rsaenh.dll
0x00007ffc6cbd0000 - 0x00007ffc6cbef000 	C:\Windows\SYSTEM32\USERENV.dll
0x00007ffc6d410000 - 0x00007ffc6d47b000 	C:\Windows\system32\bcryptprimitives.dll
0x00007ffc6d000000 - 0x00007ffc6d00b000 	C:\Windows\SYSTEM32\CRYPTBASE.dll
0x00007ffc6ae10000 - 0x00007ffc6af9a000 	C:\Windows\SYSTEM32\dbghelp.dll

VM Arguments:
jvm_args: -Dfile.encoding=Cp1252 
java_command: ChildBrowser.SwitchTab
java_class_path (initial): E:\New folder (2)\New_Morn_Sel\bin;E:\New folder (2)\New_Morn_Sel\softwares\selenium-server-standalone-3.141.59 (2).jar;C:\Users\HP\Downloads\poi-bin-5.2.3-20220909\poi-bin-5.2.3\poi-5.2.3.jar;C:\Users\HP\Downloads\poi-bin-5.2.3-20220909\poi-bin-5.2.3\poi-examples-5.2.3.jar;C:\Users\HP\Downloads\poi-bin-5.2.3-20220909\poi-bin-5.2.3\poi-excelant-5.2.3.jar;C:\Users\HP\Downloads\poi-bin-5.2.3-20220909\poi-bin-5.2.3\poi-javadoc-5.2.3.jar;C:\Users\HP\Downloads\poi-bin-5.2.3-20220909\poi-bin-5.2.3\poi-ooxml-5.2.3.jar;C:\Users\HP\Downloads\poi-bin-5.2.3-20220909\poi-bin-5.2.3\poi-ooxml-full-5.2.3.jar;C:\Users\HP\Downloads\poi-bin-5.2.3-20220909\poi-bin-5.2.3\poi-ooxml-lite-5.2.3.jar;C:\Users\HP\Downloads\poi-bin-5.2.3-20220909\poi-bin-5.2.3\poi-scratchpad-5.2.3.jar;C:\Users\HP\Downloads\poi-bin-5.2.3-20220909\poi-bin-5.2.3\auxiliary\batik-anim-1.14.jar;C:\Users\HP\Downloads\poi-bin-5.2.3-20220909\poi-bin-5.2.3\auxiliary\batik-awt-util-1.14.jar;C:\Users\HP\Downloads\poi-bin-5.2.3-20220909\poi-bin-5.2.3\auxiliary\batik-bridge-1.14.jar;C:\Users\HP\Downloads\poi-bin-5.2.3-20220909\poi-bin-5.2.3\auxiliary\batik-codec-1.14.jar;C:\Users\HP\Downloads\poi-bin-5.2.3-20220909\poi-bin-5.2.3\auxiliary\batik-constants-1.14.jar;C:\Users\HP\Downloads\poi-bin-5.2.3-20220909\poi-bin-5.2.3\auxiliary\batik-css-1.14.jar;C:\Users\HP\Downloads\poi-bin-5.2.3-20220909\poi-bin-5.2.3\auxiliary\batik-dom-1.14.jar;C:\Users\HP\Downloads\poi-bin-5.2.3-20220909\poi-bin-5.2.3\auxiliary\batik-ext-1.14.jar;C:\Users\HP\Downloads\poi-bin-5.2.3-20220909\poi-bin-5.2.3\auxiliary\batik-gvt-1.14.jar;C:\Users\HP\Downloads\poi-bin-5.2.3-20220909\poi-bin-5.2.3\auxiliary\batik-i18n-1.14.jar;C:\Users\HP\Downloads\poi-bin-5.2.3-20220909\poi-bin-5.2.3\auxiliary\batik-parser-1.14.jar;C:\Users\HP\Downloads\poi-bin-5.2.3-20220909\poi-bin-5.2.3\auxiliary\batik-script-1.14.jar;C:\Users\HP\Downloads\poi-bin-5.2.3-20220909\poi-bin-5.2.3\auxiliary\batik-shared-resources-1.14.jar;C:\Users\HP\Downloads
Launcher Type: SUN_STANDARD

Environment Variables:
JAVA_HOME=C:\Program Files\Java\jdk1.8.0_291
PATH=C:/Program Files/Java/jdk1.8.0_291/bin/../jre/bin/server;C:/Program Files/Java/jdk1.8.0_291/bin/../jre/bin;C:/Program Files/Java/jdk1.8.0_291/bin/../jre/lib/amd64;C:\Program Files\Java\jdk1.8.0_291\bin;C:\Users\HP\Downloads\apache-maven-3.8.4-bin\apache-maven-3.8.4\bin;C:\Program Files\nodejs\;C:\Users\HP\AppData\Local\Programs\Python\Python38\Scripts\;C:\Users\HP\AppData\Local\Programs\Python\Python38\;C:\Users\HP\AppData\Local\Programs\Python\Launcher\;C:\Program Files\Java\jdk1.8.0_172\bin;E:\pythonprograms\ranjitha\bin;C:\Users\HP\AppData\Local\Programs\Microsoft VS Code\bin;C:\Users\HP\AppData\Roaming\npm;C:\Users\HP\AppData\Local\Programs\Fiddler;C:\Users\HP\Desktop\desktop imp\Eclipse1\eclipse;
USERNAME=HP
OS=Windows_NT
PROCESSOR_IDENTIFIER=Intel64 Family 6 Model 61 Stepping 4, GenuineIntel



---------------  S Y S T E M  ---------------

OS: Windows 10.0 , 64 bit Build 10240 (10.0.10240.16384)

CPU:total 4 (initial active 4) (2 cores per cpu, 2 threads per core) family 6 model 61 stepping 4, cmov, cx8, fxsr, mmx, sse, sse2, sse3, ssse3, sse4.1, sse4.2, popcnt, avx, avx2, aes, clmul, erms, 3dnowpref, lzcnt, ht, tsc, tscinvbit, bmi1, bmi2, adx

Memory: 4k page, physical 8307372k(1503836k free), swap 16806192k(3492k free)

vm_info: Java HotSpot(TM) 64-Bit Server VM (25.311-b11) for windows-amd64 JRE (1.8.0_311-b11), built on Sep 27 2021 05:15:14 by "java_re" with MS VC++ 15.9 (VS2017)

time: Wed Feb  7 14:20:59 2024
timezone: India Standard Time
elapsed time: 6.511710 seconds (0d 0h 0m 6s)

